Using pre-set license
Built from '2021.1/staging' branch; Version is '2021.1.15f1 (e767a7370072) revision 15165351'; Using compiler version '192528614'; Build Type 'Release'
OS: 'Windows 10 Pro; OS build 22000.100; Version 2009; 64bit' Language: 'en' Physical Memory: 16154 MB
BatchMode: 1, IsHumanControllingUs: 0, StartBugReporterOnCrash: 0, Is64bit: 1, IsPro: 0

 COMMAND LINE ARGUMENTS:
D:\Software\Unity\2021.1.15f1\Editor\Unity.exe
-adb2
-batchMode
-noUpm
-name
AssetImportWorker0
-projectPath
D:/Misc/Unity Projects/Run from the Curse
-logFile
Logs/AssetImportWorker0.log
-srvPort
53762
Successfully changed project path to: D:/Misc/Unity Projects/Run from the Curse
D:/Misc/Unity Projects/Run from the Curse
Using Asset Import Pipeline V2.
Refreshing native plugins compatible for Editor in 108.39 ms, found 3 plugins.
Preloading 0 native plugins for Editor in 0.00 ms.
Initialize engine version: 2021.1.15f1 (e767a7370072)
[Subsystems] Discovering subsystems at path D:/Software/Unity/2021.1.15f1/Editor/Data/Resources/UnitySubsystems
[Subsystems] Discovering subsystems at path D:/Misc/Unity Projects/Run from the Curse/Assets
GfxDevice: creating device client; threaded=0; jobified=0
Direct3D:
    Version:  Direct3D 11.0 [level 11.1]
    Renderer: NVIDIA GeForce GTX 970 (ID=0x13c2)
    Vendor:   NVIDIA
    VRAM:     4043 MB
    Driver:   27.21.14.5671
Initialize mono
Mono path[0] = 'D:/Software/Unity/2021.1.15f1/Editor/Data/Managed'
Mono path[1] = 'D:/Software/Unity/2021.1.15f1/Editor/Data/MonoBleedingEdge/lib/mono/unityjit'
Mono config path = 'D:/Software/Unity/2021.1.15f1/Editor/Data/MonoBleedingEdge/etc'
Using monoOptions --debugger-agent=transport=dt_socket,embedding=1,server=y,suspend=n,address=127.0.0.1:56528
Begin MonoManager ReloadAssembly
Registering precompiled unity dll's ...
Register platform support module: D:/Software/Unity/2021.1.15f1/Editor/Data/PlaybackEngines/MacStandaloneSupport/UnityEditor.OSXStandalone.Extensions.dll
Register platform support module: D:/Software/Unity/2021.1.15f1/Editor/Data/PlaybackEngines/WindowsStandaloneSupport/UnityEditor.WindowsStandalone.Extensions.dll
Register platform support module: D:/Software/Unity/2021.1.15f1/Editor/Data/PlaybackEngines/LinuxStandaloneSupport/UnityEditor.LinuxStandalone.Extensions.dll
Registered in 0.001179 seconds.
Native extension for LinuxStandalone target not found
Native extension for WindowsStandalone target not found
Native extension for OSXStandalone target not found
Refreshing native plugins compatible for Editor in 96.19 ms, found 3 plugins.
Preloading 0 native plugins for Editor in 0.00 ms.
Mono: successfully reloaded assembly
- Completed reload, in  1.095 seconds
Domain Reload Profiling:
	ReloadAssembly (1095ms)
		BeginReloadAssembly (45ms)
			ExecutionOrderSort (0ms)
			DisableScriptedObjects (0ms)
			BackupInstance (0ms)
			ReleaseScriptingObjects (0ms)
			CreateAndSetChildDomain (1ms)
		EndReloadAssembly (473ms)
			LoadAssemblies (45ms)
			RebuildTransferFunctionScriptingTraits (0ms)
			SetupTypeCache (174ms)
			ReleaseScriptCaches (0ms)
			RebuildScriptCaches (27ms)
			SetupLoadedEditorAssemblies (230ms)
				LogAssemblyErrors (0ms)
				InitializePlatformSupportModulesInManaged (8ms)
				SetLoadedEditorAssemblies (0ms)
				RefreshPlugins (96ms)
				BeforeProcessingInitializeOnLoad (1ms)
				ProcessInitializeOnLoadAttributes (96ms)
				ProcessInitializeOnLoadMethodAttributes (28ms)
				AfterProcessingInitializeOnLoad (0ms)
				EditorAssembliesLoaded (0ms)
			ExecutionOrderSort2 (0ms)
			AwakeInstancesAfterBackupRestoration (0ms)
Platform modules already initialized, skipping
Registering precompiled user dll's ...
Registered in 0.004367 seconds.
Begin MonoManager ReloadAssembly
Symbol file LoadedFromMemory doesn't match image D:\Misc\Unity Projects\Run from the Curse\Library\PackageCache\com.unity.visualscripting@1.6.1\Editor\VisualScripting.Core\Dependencies\YamlDotNet\Unity.VisualScripting.YamlDotNet.dll
Symbol file LoadedFromMemory doesn't match image D:\Misc\Unity Projects\Run from the Curse\Library\PackageCache\com.unity.visualscripting@1.6.1\Editor\VisualScripting.Core\Dependencies\DotNetZip\Unity.VisualScripting.IonicZip.dll
Native extension for LinuxStandalone target not found
Native extension for WindowsStandalone target not found
Native extension for OSXStandalone target not found
Refreshing native plugins compatible for Editor in 95.89 ms, found 3 plugins.
Preloading 0 native plugins for Editor in 0.00 ms.
Mono: successfully reloaded assembly
- Completed reload, in  1.325 seconds
Domain Reload Profiling:
	ReloadAssembly (1326ms)
		BeginReloadAssembly (139ms)
			ExecutionOrderSort (0ms)
			DisableScriptedObjects (4ms)
			BackupInstance (0ms)
			ReleaseScriptingObjects (0ms)
			CreateAndSetChildDomain (20ms)
		EndReloadAssembly (1131ms)
			LoadAssemblies (87ms)
			RebuildTransferFunctionScriptingTraits (0ms)
			SetupTypeCache (398ms)
			ReleaseScriptCaches (1ms)
			RebuildScriptCaches (59ms)
			SetupLoadedEditorAssemblies (490ms)
				LogAssemblyErrors (0ms)
				InitializePlatformSupportModulesInManaged (6ms)
				SetLoadedEditorAssemblies (0ms)
				RefreshPlugins (96ms)
				BeforeProcessingInitializeOnLoad (77ms)
				ProcessInitializeOnLoadAttributes (303ms)
				ProcessInitializeOnLoadMethodAttributes (6ms)
				AfterProcessingInitializeOnLoad (2ms)
				EditorAssembliesLoaded (0ms)
			ExecutionOrderSort2 (0ms)
			AwakeInstancesAfterBackupRestoration (6ms)
Platform modules already initialized, skipping
========================================================================
Worker process is ready to serve import requests
Launched and connected shader compiler UnityShaderCompiler.exe after 0.05 seconds
Refreshing native plugins compatible for Editor in 1.19 ms, found 3 plugins.
Preloading 0 native plugins for Editor in 0.00 ms.
Unloading 4503 Unused Serialized files (Serialized files now loaded: 0)
System memory in use before: 174.9 MB.
System memory in use after: 172.5 MB.

Unloading 62 unused Assets to reduce memory usage. Loaded Objects now: 4920.
Total: 3.792600 ms (FindLiveObjects: 0.320900 ms CreateObjectMapping: 0.170000 ms MarkObjects: 2.198100 ms  DeleteObjects: 1.102300 ms)

AssetImportParameters requested are different than current active one (requested -> active):
  custom:framework-win-MediaFoundation: 216162199b28c13a410421893ffa2e32 -> 
  custom:video-decoder-ogg-theora: a1e56fd34408186e4bbccfd4996cb3dc -> 
  custom:container-muxer-webm: aa71ff27fc2769a1b78a27578f13a17b -> 
  custom:container-demuxer-webm: 4f35f7cbe854078d1ac9338744f61a02 -> 
  custom:container-demuxer-ogg: 62fdf1f143b41e24485cea50d1cbac27 -> 
  custom:video-encoder-webm-vp8: eb34c28f22e8b96e1ab97ce403110664 -> 
  custom:video-decoder-webm-vp8: 9c59270c3fd7afecdb556c50c9e8de78 -> 
  custom:audio-decoder-ogg-vorbis: bf7c407c2cedff20999df2af8eb42d56 -> 
  custom:audio-encoder-webm-vorbis: bf7c407c2cedff20999df2af8eb42d56 -> 
========================================================================
Received Import Request.
  path: Assets/Prefabs/Resources/Bullet.prefab
  artifactKey: Guid(e87db4dff2cec4c409b3d917c931bd29) Importer(815301076,1909f56bfc062723c751e8b465ee728b)
Start importing Assets/Prefabs/Resources/Bullet.prefab using Guid(e87db4dff2cec4c409b3d917c931bd29) Importer(815301076,1909f56bfc062723c751e8b465ee728b)  -> (artifact id: '4c07c82c64bd02bfc544bd9e20c7d9c3') in 0.286353 seconds 
========================================================================
Received Import Request.
  Time since last request: 5.866616 seconds.
  path: Assets/Prefabs/Resources/Bullet.prefab
  artifactKey: Guid(e87db4dff2cec4c409b3d917c931bd29) Importer(815301076,1909f56bfc062723c751e8b465ee728b)
Start importing Assets/Prefabs/Resources/Bullet.prefab using Guid(e87db4dff2cec4c409b3d917c931bd29) Importer(815301076,1909f56bfc062723c751e8b465ee728b)  -> (artifact id: 'af8934199ee71f916cc442c06321c038') in 0.010037 seconds 
========================================================================
Received Import Request.
  Time since last request: 9.141605 seconds.
  path: Assets/Prefabs/Resources/Bullet.prefab
  artifactKey: Guid(e87db4dff2cec4c409b3d917c931bd29) Importer(815301076,1909f56bfc062723c751e8b465ee728b)
Start importing Assets/Prefabs/Resources/Bullet.prefab using Guid(e87db4dff2cec4c409b3d917c931bd29) Importer(815301076,1909f56bfc062723c751e8b465ee728b)  -> (artifact id: '03cbed7db3ebbf1e4ef45ff9f97e277d') in 0.010982 seconds 
========================================================================
Received Import Request.
  Time since last request: 2.198666 seconds.
  path: Assets/Prefabs/Resources/Bullet.prefab
  artifactKey: Guid(e87db4dff2cec4c409b3d917c931bd29) Importer(815301076,1909f56bfc062723c751e8b465ee728b)
Start importing Assets/Prefabs/Resources/Bullet.prefab using Guid(e87db4dff2cec4c409b3d917c931bd29) Importer(815301076,1909f56bfc062723c751e8b465ee728b)  -> (artifact id: 'a39951f150f06c4e1508e17882dd636f') in 0.010884 seconds 
========================================================================
Received Import Request.
  Time since last request: 18.918505 seconds.
  path: Assets/Prefabs/Game Manager.prefab
  artifactKey: Guid(e76dcbe1bbcc01f439ef1e45e0a7999c) Importer(815301076,1909f56bfc062723c751e8b465ee728b)
Start importing Assets/Prefabs/Game Manager.prefab using Guid(e76dcbe1bbcc01f439ef1e45e0a7999c) Importer(815301076,1909f56bfc062723c751e8b465ee728b)  -> (artifact id: '86dd4ef9967e2d8d21b03a74be100600') in 0.031292 seconds 
========================================================================
Received Import Request.
  Time since last request: 4.193557 seconds.
  path: Assets/Prefabs/Game Manager.prefab
  artifactKey: Guid(e76dcbe1bbcc01f439ef1e45e0a7999c) Importer(815301076,1909f56bfc062723c751e8b465ee728b)
Start importing Assets/Prefabs/Game Manager.prefab using Guid(e76dcbe1bbcc01f439ef1e45e0a7999c) Importer(815301076,1909f56bfc062723c751e8b465ee728b)  -> (artifact id: 'c4e86d50df8ccd5583f11ff357114cb1') in 0.008521 seconds 
========================================================================
Received Import Request.
  Time since last request: 4.220453 seconds.
  path: Assets/Prefabs/Game Manager.prefab
  artifactKey: Guid(e76dcbe1bbcc01f439ef1e45e0a7999c) Importer(815301076,1909f56bfc062723c751e8b465ee728b)
Start importing Assets/Prefabs/Game Manager.prefab using Guid(e76dcbe1bbcc01f439ef1e45e0a7999c) Importer(815301076,1909f56bfc062723c751e8b465ee728b)  -> (artifact id: 'b75e6ee724012c66e5c9352c60a2acf4') in 0.008500 seconds 
========================================================================
Received Import Request.
  Time since last request: 24.945158 seconds.
  path: Assets/Prefabs/Game Manager.prefab
  artifactKey: Guid(e76dcbe1bbcc01f439ef1e45e0a7999c) Importer(815301076,1909f56bfc062723c751e8b465ee728b)
Start importing Assets/Prefabs/Game Manager.prefab using Guid(e76dcbe1bbcc01f439ef1e45e0a7999c) Importer(815301076,1909f56bfc062723c751e8b465ee728b)  -> (artifact id: '1376b2c639673d72c02d9a12e0e79948') in 0.008740 seconds 
========================================================================
Received Import Request.
  Time since last request: 4.210027 seconds.
  path: Assets/Prefabs/Game Manager.prefab
  artifactKey: Guid(e76dcbe1bbcc01f439ef1e45e0a7999c) Importer(815301076,1909f56bfc062723c751e8b465ee728b)
Start importing Assets/Prefabs/Game Manager.prefab using Guid(e76dcbe1bbcc01f439ef1e45e0a7999c) Importer(815301076,1909f56bfc062723c751e8b465ee728b)  -> (artifact id: '9ed139e5d9a86072232bceb045427bf8') in 0.007669 seconds 
========================================================================
Received Import Request.
  Time since last request: 5.684219 seconds.
  path: Assets/Prefabs/Game Manager.prefab
  artifactKey: Guid(e76dcbe1bbcc01f439ef1e45e0a7999c) Importer(815301076,1909f56bfc062723c751e8b465ee728b)
Start importing Assets/Prefabs/Game Manager.prefab using Guid(e76dcbe1bbcc01f439ef1e45e0a7999c) Importer(815301076,1909f56bfc062723c751e8b465ee728b)  -> (artifact id: 'b6637d155bac1be9d22d42a72cf1e942') in 0.006934 seconds 
========================================================================
Received Import Request.
  Time since last request: 3.010388 seconds.
  path: Assets/Prefabs/Game Manager.prefab
  artifactKey: Guid(e76dcbe1bbcc01f439ef1e45e0a7999c) Importer(815301076,1909f56bfc062723c751e8b465ee728b)
Start importing Assets/Prefabs/Game Manager.prefab using Guid(e76dcbe1bbcc01f439ef1e45e0a7999c) Importer(815301076,1909f56bfc062723c751e8b465ee728b)  -> (artifact id: '318d3efa7f39f1a932d90f5a1c691bea') in 0.013652 seconds 
========================================================================
Received Import Request.
  Time since last request: 0.775244 seconds.
  path: Assets/Prefabs/Game Manager.prefab
  artifactKey: Guid(e76dcbe1bbcc01f439ef1e45e0a7999c) Importer(815301076,1909f56bfc062723c751e8b465ee728b)
Start importing Assets/Prefabs/Game Manager.prefab using Guid(e76dcbe1bbcc01f439ef1e45e0a7999c) Importer(815301076,1909f56bfc062723c751e8b465ee728b)  -> (artifact id: 'bf17de024b3abbd5f45e89977f96d9db') in 0.010714 seconds 
========================================================================
Received Import Request.
  Time since last request: 8.484068 seconds.
  path: Assets/Prefabs/Game Manager.prefab
  artifactKey: Guid(e76dcbe1bbcc01f439ef1e45e0a7999c) Importer(815301076,1909f56bfc062723c751e8b465ee728b)
Start importing Assets/Prefabs/Game Manager.prefab using Guid(e76dcbe1bbcc01f439ef1e45e0a7999c) Importer(815301076,1909f56bfc062723c751e8b465ee728b)  -> (artifact id: 'a7a83be13029e0bc4d86257a5e62e6ed') in 0.006958 seconds 
========================================================================
Received Import Request.
  Time since last request: 2.409731 seconds.
  path: Assets/Prefabs/Game Manager.prefab
  artifactKey: Guid(e76dcbe1bbcc01f439ef1e45e0a7999c) Importer(815301076,1909f56bfc062723c751e8b465ee728b)
Start importing Assets/Prefabs/Game Manager.prefab using Guid(e76dcbe1bbcc01f439ef1e45e0a7999c) Importer(815301076,1909f56bfc062723c751e8b465ee728b)  -> (artifact id: 'e0838af5f307f8b8c67b6cb358e18a93') in 0.007674 seconds 
========================================================================
Received Import Request.
  Time since last request: 0.589232 seconds.
  path: Assets/Prefabs/Game Manager.prefab
  artifactKey: Guid(e76dcbe1bbcc01f439ef1e45e0a7999c) Importer(815301076,1909f56bfc062723c751e8b465ee728b)
Start importing Assets/Prefabs/Game Manager.prefab using Guid(e76dcbe1bbcc01f439ef1e45e0a7999c) Importer(815301076,1909f56bfc062723c751e8b465ee728b)  -> (artifact id: '03921e0282e8306f65b4bacbde7bfe71') in 0.010371 seconds 
========================================================================
Received Import Request.
  Time since last request: 4.353305 seconds.
  path: Assets/Prefabs/Game Manager.prefab
  artifactKey: Guid(e76dcbe1bbcc01f439ef1e45e0a7999c) Importer(815301076,1909f56bfc062723c751e8b465ee728b)
Start importing Assets/Prefabs/Game Manager.prefab using Guid(e76dcbe1bbcc01f439ef1e45e0a7999c) Importer(815301076,1909f56bfc062723c751e8b465ee728b)  -> (artifact id: 'fafcaeaa21cd587611da852da2d330df') in 0.006598 seconds 
========================================================================
Received Import Request.
  Time since last request: 10.189951 seconds.
  path: Assets/Prefabs/Game Manager.prefab
  artifactKey: Guid(e76dcbe1bbcc01f439ef1e45e0a7999c) Importer(815301076,1909f56bfc062723c751e8b465ee728b)
Start importing Assets/Prefabs/Game Manager.prefab using Guid(e76dcbe1bbcc01f439ef1e45e0a7999c) Importer(815301076,1909f56bfc062723c751e8b465ee728b)  -> (artifact id: '14ae22a1fbc1127e2e6980a5caaac0b3') in 0.007193 seconds 
========================================================================
Received Import Request.
  Time since last request: 20.352932 seconds.
  path: Assets/Prefabs/Game Manager.prefab
  artifactKey: Guid(e76dcbe1bbcc01f439ef1e45e0a7999c) Importer(815301076,1909f56bfc062723c751e8b465ee728b)
Start importing Assets/Prefabs/Game Manager.prefab using Guid(e76dcbe1bbcc01f439ef1e45e0a7999c) Importer(815301076,1909f56bfc062723c751e8b465ee728b)  -> (artifact id: '13c60bbc4f657ed4d7a7a7ed4909316a') in 0.007475 seconds 
========================================================================
Received Import Request.
  Time since last request: 11.893187 seconds.
  path: Assets/Prefabs/Game Manager.prefab
  artifactKey: Guid(e76dcbe1bbcc01f439ef1e45e0a7999c) Importer(815301076,1909f56bfc062723c751e8b465ee728b)
Start importing Assets/Prefabs/Game Manager.prefab using Guid(e76dcbe1bbcc01f439ef1e45e0a7999c) Importer(815301076,1909f56bfc062723c751e8b465ee728b)  -> (artifact id: 'aaec99f9b6b9d65115eebee75c4779dc') in 0.008234 seconds 
========================================================================
Received Prepare
Refreshing native plugins compatible for Editor in 4.89 ms, found 3 plugins.
Preloading 0 native plugins for Editor in 0.00 ms.
Unloading 54 Unused Serialized files (Serialized files now loaded: 0)
System memory in use before: 90.9 MB.
System memory in use after: 88.5 MB.

Unloading 57 unused Assets to reduce memory usage. Loaded Objects now: 4993.
Total: 5.831200 ms (FindLiveObjects: 0.521300 ms CreateObjectMapping: 0.533300 ms MarkObjects: 3.600100 ms  DeleteObjects: 1.175700 ms)

AssetImportParameters requested are different than current active one (requested -> active):
  custom:framework-win-MediaFoundation: 216162199b28c13a410421893ffa2e32 -> 
  custom:video-decoder-ogg-theora: a1e56fd34408186e4bbccfd4996cb3dc -> 
  custom:container-muxer-webm: aa71ff27fc2769a1b78a27578f13a17b -> 
  custom:container-demuxer-webm: 4f35f7cbe854078d1ac9338744f61a02 -> 
  custom:container-demuxer-ogg: 62fdf1f143b41e24485cea50d1cbac27 -> 
  custom:video-encoder-webm-vp8: eb34c28f22e8b96e1ab97ce403110664 -> 
  custom:video-decoder-webm-vp8: 9c59270c3fd7afecdb556c50c9e8de78 -> 
  custom:audio-decoder-ogg-vorbis: bf7c407c2cedff20999df2af8eb42d56 -> 
  custom:audio-encoder-webm-vorbis: bf7c407c2cedff20999df2af8eb42d56 -> 
========================================================================
Received Prepare
Registering precompiled user dll's ...
Registered in 0.221873 seconds.
Begin MonoManager ReloadAssembly
Symbol file LoadedFromMemory doesn't match image D:\Misc\Unity Projects\Run from the Curse\Library\PackageCache\com.unity.visualscripting@1.6.1\Editor\VisualScripting.Core\Dependencies\YamlDotNet\Unity.VisualScripting.YamlDotNet.dll
Symbol file LoadedFromMemory doesn't match image D:\Misc\Unity Projects\Run from the Curse\Library\PackageCache\com.unity.visualscripting@1.6.1\Editor\VisualScripting.Core\Dependencies\DotNetZip\Unity.VisualScripting.IonicZip.dll
Native extension for LinuxStandalone target not found
Native extension for WindowsStandalone target not found
Native extension for OSXStandalone target not found
Refreshing native plugins compatible for Editor in 0.99 ms, found 3 plugins.
Preloading 0 native plugins for Editor in 0.00 ms.
Mono: successfully reloaded assembly
- Completed reload, in  2.437 seconds
Domain Reload Profiling:
	ReloadAssembly (2438ms)
		BeginReloadAssembly (336ms)
			ExecutionOrderSort (0ms)
			DisableScriptedObjects (44ms)
			BackupInstance (0ms)
			ReleaseScriptingObjects (0ms)
			CreateAndSetChildDomain (159ms)
		EndReloadAssembly (2018ms)
			LoadAssemblies (372ms)
			RebuildTransferFunctionScriptingTraits (0ms)
			SetupTypeCache (555ms)
			ReleaseScriptCaches (2ms)
			RebuildScriptCaches (69ms)
			SetupLoadedEditorAssemblies (785ms)
				LogAssemblyErrors (0ms)
				InitializePlatformSupportModulesInManaged (10ms)
				SetLoadedEditorAssemblies (1ms)
				RefreshPlugins (1ms)
				BeforeProcessingInitializeOnLoad (131ms)
				ProcessInitializeOnLoadAttributes (610ms)
				ProcessInitializeOnLoadMethodAttributes (30ms)
				AfterProcessingInitializeOnLoad (2ms)
				EditorAssembliesLoaded (0ms)
			ExecutionOrderSort2 (0ms)
			AwakeInstancesAfterBackupRestoration (22ms)
Platform modules already initialized, skipping
Refreshing native plugins compatible for Editor in 1.89 ms, found 3 plugins.
Preloading 0 native plugins for Editor in 0.00 ms.
Unloading 4427 Unused Serialized files (Serialized files now loaded: 0)
System memory in use before: 177.6 MB.
System memory in use after: 175.2 MB.

Unloading 56 unused Assets to reduce memory usage. Loaded Objects now: 4970.
Total: 4.575400 ms (FindLiveObjects: 0.400700 ms CreateObjectMapping: 0.349800 ms MarkObjects: 2.626200 ms  DeleteObjects: 1.197600 ms)

AssetImportParameters requested are different than current active one (requested -> active):
  custom:framework-win-MediaFoundation: 216162199b28c13a410421893ffa2e32 -> 
  custom:video-decoder-ogg-theora: a1e56fd34408186e4bbccfd4996cb3dc -> 
  custom:container-muxer-webm: aa71ff27fc2769a1b78a27578f13a17b -> 
  custom:container-demuxer-webm: 4f35f7cbe854078d1ac9338744f61a02 -> 
  custom:container-demuxer-ogg: 62fdf1f143b41e24485cea50d1cbac27 -> 
  custom:video-encoder-webm-vp8: eb34c28f22e8b96e1ab97ce403110664 -> 
  custom:video-decoder-webm-vp8: 9c59270c3fd7afecdb556c50c9e8de78 -> 
  custom:audio-decoder-ogg-vorbis: bf7c407c2cedff20999df2af8eb42d56 -> 
  custom:audio-encoder-webm-vorbis: bf7c407c2cedff20999df2af8eb42d56 -> 
========================================================================
Received Prepare
Refreshing native plugins compatible for Editor in 7.25 ms, found 3 plugins.
Preloading 0 native plugins for Editor in 0.00 ms.
Unloading 54 Unused Serialized files (Serialized files now loaded: 0)
System memory in use before: 91.1 MB.
System memory in use after: 88.7 MB.

Unloading 54 unused Assets to reduce memory usage. Loaded Objects now: 4970.
Total: 5.307300 ms (FindLiveObjects: 0.408200 ms CreateObjectMapping: 0.334800 ms MarkObjects: 3.348200 ms  DeleteObjects: 1.214900 ms)

AssetImportParameters requested are different than current active one (requested -> active):
  custom:framework-win-MediaFoundation: 216162199b28c13a410421893ffa2e32 -> 
  custom:video-decoder-ogg-theora: a1e56fd34408186e4bbccfd4996cb3dc -> 
  custom:container-muxer-webm: aa71ff27fc2769a1b78a27578f13a17b -> 
  custom:container-demuxer-webm: 4f35f7cbe854078d1ac9338744f61a02 -> 
  custom:container-demuxer-ogg: 62fdf1f143b41e24485cea50d1cbac27 -> 
  custom:video-encoder-webm-vp8: eb34c28f22e8b96e1ab97ce403110664 -> 
  custom:video-decoder-webm-vp8: 9c59270c3fd7afecdb556c50c9e8de78 -> 
  custom:audio-decoder-ogg-vorbis: bf7c407c2cedff20999df2af8eb42d56 -> 
  custom:audio-encoder-webm-vorbis: bf7c407c2cedff20999df2af8eb42d56 -> 
========================================================================
Received Prepare
Refreshing native plugins compatible for Editor in 656.43 ms, found 3 plugins.
Preloading 0 native plugins for Editor in 0.00 ms.
Unloading 54 Unused Serialized files (Serialized files now loaded: 0)
System memory in use before: 91.0 MB.
System memory in use after: 88.6 MB.

Unloading 54 unused Assets to reduce memory usage. Loaded Objects now: 4970.
Total: 6.222000 ms (FindLiveObjects: 0.443800 ms CreateObjectMapping: 0.404100 ms MarkObjects: 3.627600 ms  DeleteObjects: 1.745700 ms)

AssetImportParameters requested are different than current active one (requested -> active):
  custom:framework-win-MediaFoundation: 216162199b28c13a410421893ffa2e32 -> 
  custom:video-decoder-ogg-theora: a1e56fd34408186e4bbccfd4996cb3dc -> 
  custom:container-muxer-webm: aa71ff27fc2769a1b78a27578f13a17b -> 
  custom:container-demuxer-webm: 4f35f7cbe854078d1ac9338744f61a02 -> 
  custom:container-demuxer-ogg: 62fdf1f143b41e24485cea50d1cbac27 -> 
  custom:video-encoder-webm-vp8: eb34c28f22e8b96e1ab97ce403110664 -> 
  custom:video-decoder-webm-vp8: 9c59270c3fd7afecdb556c50c9e8de78 -> 
  custom:audio-decoder-ogg-vorbis: bf7c407c2cedff20999df2af8eb42d56 -> 
  custom:audio-encoder-webm-vorbis: bf7c407c2cedff20999df2af8eb42d56 -> 
